1642438 [JettyServerThreadPool-54] ERROR dk.lyngby.routes.Routes - POST /api/v1/auth/login 200 Invalid user name or password
1643147 [JettyServerThreadPool-41] ERROR dk.lyngby.routes.Routes - POST /api/v1/auth/login 200 Invalid user name or password
1643316 [JettyServerThreadPool-52] ERROR dk.lyngby.routes.Routes - POST /api/v1/auth/login 200 Invalid user name or password
1643540 [JettyServerThreadPool-54] ERROR dk.lyngby.routes.Routes - POST /api/v1/auth/login 200 Invalid user name or password
13834 [JettyServerThreadPool-41] ERROR dk.lyngby.routes.Routes - GET /api/v1/recipes 200 org.hibernate.query.sqm.UnknownEntityException: Could not resolve root entity 'Hotel'
9529 [JettyServerThreadPool-39] ERROR dk.lyngby.routes.Routes - GET /api/v1/recipes 200 org.hibernate.query.sqm.UnknownEntityException: Could not resolve root entity 'Hotel'
39301 [JettyServerThreadPool-37] ERROR dk.lyngby.routes.Routes - GET /api/v1/recipes 200 org.hibernate.query.sqm.UnknownEntityException: Could not resolve root entity 'Hotel'
18144 [JettyServerThreadPool-43] ERROR dk.lyngby.routes.Routes - GET /api/v1/recipes/2 200 Invalid token
20588 [JettyServerThreadPool-37] ERROR dk.lyngby.routes.Routes - GET /api/v1/recipes/1 200 Invalid token
31660 [JettyServerThreadPool-48] ERROR dk.lyngby.routes.Routes - GET /api/v1/recipes/%7B2%7D 200 Invalid token
5896 [JettyServerThreadPool-41] ERROR dk.lyngby.routes.Routes - GET /api/v1/recipes/2 200 Invalid token
9047 [JettyServerThreadPool-37] ERROR dk.lyngby.routes.Routes - GET /api/v1/recipes/1 200 Invalid token
4368 [JettyServerThreadPool-41] ERROR dk.lyngby.routes.Routes - GET /api/v1/recipes/1 200 Invalid token
6528 [JettyServerThreadPool-37] ERROR dk.lyngby.routes.Routes - GET /api/v1/recipes/2 200 Invalid token
11472 [JettyServerThreadPool-43] ERROR dk.lyngby.routes.Routes - GET /api/v1/recipes/1 200 Invalid token
46038 [JettyServerThreadPool-42] ERROR dk.lyngby.routes.Routes - GET /api/v1/recipes/2 200 Invalid token
46138 [JettyServerThreadPool-37] ERROR dk.lyngby.routes.Routes - GET /api/v1/recipes/2 200 Invalid token
286590 [JettyServerThreadPool-48] ERROR dk.lyngby.routes.Routes - GET /api/v1/recipes/2 200 Invalid token
286839 [JettyServerThreadPool-42] ERROR dk.lyngby.routes.Routes - GET /api/v1/recipes/2 200 Invalid token
303988 [JettyServerThreadPool-41] ERROR dk.lyngby.routes.Routes - GET /api/v1/recipes/2 200 Invalid token
305210 [JettyServerThreadPool-52] ERROR dk.lyngby.routes.Routes - GET /api/v1/recipes/2 200 Invalid token
35725 [JettyServerThreadPool-36] ERROR dk.lyngby.routes.Routes - GET /api/v1/recipes/2 200 Invalid token
39655 [JettyServerThreadPool-38] ERROR dk.lyngby.routes.Routes - GET /api/v1/recipes/1 200 Invalid token
39969 [JettyServerThreadPool-37] ERROR dk.lyngby.routes.Routes - GET /api/v1/recipes/10 200 Invalid token
116424 [JettyServerThreadPool-43] ERROR dk.lyngby.routes.Routes - POST /api/v1/auth/login 200 Invalid user name or password
117676 [JettyServerThreadPool-48] ERROR dk.lyngby.routes.Routes - POST /api/v1/auth/login 200 Invalid user name or password
119490 [JettyServerThreadPool-43] ERROR dk.lyngby.routes.Routes - POST /api/v1/auth/login 200 Invalid user name or password
119816 [JettyServerThreadPool-48] ERROR dk.lyngby.routes.Routes - POST /api/v1/auth/login 200 Invalid user name or password
124378 [JettyServerThreadPool-43] ERROR dk.lyngby.routes.Routes - POST /api/v1/auth/login 200 Invalid user name or password
124834 [JettyServerThreadPool-37] ERROR dk.lyngby.routes.Routes - POST /api/v1/auth/login 200 Invalid user name or password
125035 [JettyServerThreadPool-38] ERROR dk.lyngby.routes.Routes - POST /api/v1/auth/login 200 Invalid user name or password
125253 [JettyServerThreadPool-43] ERROR dk.lyngby.routes.Routes - POST /api/v1/auth/login 200 Invalid user name or password
126342 [JettyServerThreadPool-38] ERROR dk.lyngby.routes.Routes - POST /api/v1/auth/login 200 Invalid user name or password
126610 [JettyServerThreadPool-43] ERROR dk.lyngby.routes.Routes - POST /api/v1/auth/login 200 Invalid user name or password
127520 [JettyServerThreadPool-38] ERROR dk.lyngby.routes.Routes - POST /api/v1/auth/login 200 Invalid user name or password
127714 [JettyServerThreadPool-43] ERROR dk.lyngby.routes.Routes - POST /api/v1/auth/login 200 Invalid user name or password
127917 [JettyServerThreadPool-38] ERROR dk.lyngby.routes.Routes - POST /api/v1/auth/login 200 Invalid user name or password
128118 [JettyServerThreadPool-43] ERROR dk.lyngby.routes.Routes - POST /api/v1/auth/login 200 Invalid user name or password
128319 [JettyServerThreadPool-38] ERROR dk.lyngby.routes.Routes - POST /api/v1/auth/login 200 Invalid user name or password
128537 [JettyServerThreadPool-43] ERROR dk.lyngby.routes.Routes - POST /api/v1/auth/login 200 Invalid user name or password
129555 [JettyServerThreadPool-43] ERROR dk.lyngby.routes.Routes - POST /api/v1/auth/login 200 Invalid user name or password
129749 [JettyServerThreadPool-38] ERROR dk.lyngby.routes.Routes - POST /api/v1/auth/login 200 Invalid user name or password
130835 [JettyServerThreadPool-41] ERROR dk.lyngby.routes.Routes - POST /api/v1/auth/login 200 Invalid user name or password
131065 [JettyServerThreadPool-43] ERROR dk.lyngby.routes.Routes - POST /api/v1/auth/login 200 Invalid user name or password
134387 [JettyServerThreadPool-41] ERROR dk.lyngby.routes.Routes - POST /api/v1/auth/login 200 Invalid user name or password
134703 [JettyServerThreadPool-41] ERROR dk.lyngby.routes.Routes - POST /api/v1/auth/login 200 Invalid user name or password
230841 [JettyServerThreadPool-37] ERROR dk.lyngby.routes.Routes - GET /api/v1/recipes/10 200 Invalid serialized unsecured/JWS/JWE object: Missing part delimiters
283446 [JettyServerThreadPool-49] ERROR dk.lyngby.routes.Routes - GET /api/v1/recipes/10 200 Invalid token
284205 [JettyServerThreadPool-38] ERROR dk.lyngby.routes.Routes - GET /api/v1/recipes/2 200 Invalid token
356569 [JettyServerThreadPool-37] ERROR dk.lyngby.routes.Routes - GET /api/v1/recipes/2 200 Invalid token
359259 [JettyServerThreadPool-38] ERROR dk.lyngby.routes.Routes - GET /api/v1/recipes/4 200 Invalid token
361620 [JettyServerThreadPool-49] ERROR dk.lyngby.routes.Routes - GET /api/v1/recipes/1 200 Invalid token
362387 [JettyServerThreadPool-52] ERROR dk.lyngby.routes.Routes - GET /api/v1/recipes/19 200 Invalid token
23871 [JettyServerThreadPool-38] ERROR dk.lyngby.routes.Routes - GET /api/v1/recipes/1 200 Invalid token
42252545 [JettyServerThreadPool-38] ERROR dk.lyngby.routes.Routes - PUT /api/v1/recipes/200 200 {
  "hotelName": "Scandic",
  "hotelAddress": "Lyngby Hovedgade",
  "hotelType": "BUDGET"
}
42368854 [JettyServerThreadPool-41] ERROR dk.lyngby.routes.Routes - GET /api/v1/recipes/2 200 Invalid token
42412798 [JettyServerThreadPool-42] ERROR dk.lyngby.routes.Routes - DELETE /api/v1/recipes/24 200 
25355 [JettyServerThreadPool-36] ERROR dk.lyngby.routes.Routes - POST /api/v1/auth/login 200 Invalid user name or password
45339 [JettyServerThreadPool-42] ERROR dk.lyngby.routes.Routes - POST /api/v1/auth/register 200 Username already exists
6737 [JettyServerThreadPool-43] ERROR dk.lyngby.routes.Routes - POST /api/v1/auth/register 200 Username already exists
14705 [JettyServerThreadPool-41] ERROR dk.lyngby.routes.Routes - POST /api/v1/auth/login 200 Invalid user name or password
15855 [JettyServerThreadPool-42] ERROR dk.lyngby.routes.Routes - POST /api/v1/auth/login 200 Invalid user name or password
16040 [JettyServerThreadPool-41] ERROR dk.lyngby.routes.Routes - POST /api/v1/auth/login 200 Invalid user name or password
17675 [JettyServerThreadPool-42] ERROR dk.lyngby.routes.Routes - POST /api/v1/auth/login 200 Invalid user name or password
43618 [JettyServerThreadPool-36] ERROR dk.lyngby.routes.Routes - POST /api/v1/auth/login 200 Invalid user name or password
